[debug] [2024-07-16T11:52:55.739Z] ----------------------------------------------------------------------
[debug] [2024-07-16T11:52:55.742Z] Command:       C:\Program Files\nodejs\node.exe C:\Users\a929950\AppData\Roaming\npm\node_modules\firebase-tools\lib\bin\firebase.js init
[debug] [2024-07-16T11:52:55.743Z] CLI Version:   13.13.2
[debug] [2024-07-16T11:52:55.743Z] Platform:      win32
[debug] [2024-07-16T11:52:55.743Z] Node Version:  v20.15.1
[debug] [2024-07-16T11:52:55.743Z] Time:          Tue Jul 16 2024 13:52:55 GMT+0200 (Mitteleuropäische Sommerzeit)
[debug] [2024-07-16T11:52:55.743Z] ----------------------------------------------------------------------
[debug] 
[debug] [2024-07-16T11:52:55.750Z] > command requires scopes: ["email","openid","https://www.googleapis.com/auth/cloudplatformprojects.readonly","https://www.googleapis.com/auth/firebase","https://www.googleapis.com/auth/cloud-platform"]
[debug] [2024-07-16T11:52:55.750Z] > authorizing via signed-in user (klampfermanuel@gmail.com)
[info] 
     ######## #### ########  ######## ########     ###     ######  ########
     ##        ##  ##     ## ##       ##     ##  ##   ##  ##       ##
     ######    ##  ########  ######   ########  #########  ######  ######
     ##        ##  ##    ##  ##       ##     ## ##     ##       ## ##
     ##       #### ##     ## ######## ########  ##     ##  ######  ########

You're about to initialize a Firebase project in this directory:

  C:\Coding\Projects\learnreact

Before we get started, keep in mind:

  * You are currently outside your home directory

